Arguments: 
  /home/rsoika/.nvm/versions/node/v20.19.6/bin/node /usr/local/bin/yarn clean

PATH: 
  /home/rsoika/.local/bin:/home/rsoika/.nvm/versions/node/v20.19.6/bin:/usr/local/bin:/usr/bin:/bin:/usr/local/games:/usr/games

Yarn version: 
  1.22.19

Node version: 
  20.19.6

Platform: 
  linux x64

Trace: 
  SyntaxError: /home/rsoika/git/open-bpmn-eclipse-integration/package.json: Expected ',' or '}' after property value in JSON at position 423
      at JSON.parse (<anonymous>)
      at /usr/local/lib/node_modules/yarn/lib/cli.js:1629:59
      at Generator.next (<anonymous>)
      at step (/usr/local/lib/node_modules/yarn/lib/cli.js:310:30)
      at /usr/local/lib/node_modules/yarn/lib/cli.js:321:13

npm manifest: 
  {
      "private": "true",
      "name": "root",
      "license": "(EPL-2.0 OR GPL-2.0 WITH Classpath-exception-2.0 OR MIT)",
      "scripts": {
          "prepare": "yarn build",
          "clean": "yarn --cwd open-bpmn.eclipse.client clean",
          "clean:all": "rm -rf node_modules yarn.lock && rm -rf open-bpmn.eclipse.client/node_modules open-bpmn.eclipse.client/yarn.lock open-bpmn.eclipse.client/open-bpmn-eclipse/node_modules""reset": "yarn clean:all && yarn install",
          "build": "yarn build:client && yarn build:server",
          "build:client": "yarn --cwd open-bpmn.eclipse.client install",
          "build:server": "cd open-bpmn.eclipse.server && mvn --batch-mode clean verify"
      },
      "resolutions": {
          "@open-bpmn/open-bpmn-model": "file:./../open-bpmn/open-bpmn.glsp-client/open-bpmn-model/",
          "@open-bpmn/open-bpmn-glsp": "file:./../open-bpmn/open-bpmn.glsp-client/open-bpmn-glsp/",
          "@open-bpmn/open-bpmn-properties": "file:./../open-bpmn/open-bpmn.glsp-client/open-bpmn-properties/"
      }
  }

yarn manifest: 
  No manifest

Lockfile: 
  # THIS IS AN AUTOGENERATED FILE. DO NOT EDIT THIS FILE DIRECTLY.
  # yarn lockfile v1
